10:33:18.464 [main] INFO  - Loggin In...
10:33:18.532 [main] INFO  - URL is opened.
10:33:18.765 [main] INFO  - Login page is visible.
10:33:18.894 [main] INFO  - Entered Username.
10:33:19.014 [main] INFO  - Entered Password.
10:33:19.117 [main] INFO  - Clicked Submit button.
10:33:20.759 [main] INFO  - Checked if entered Dashboard
10:33:20.793 [main] INFO  - Dashboard is visible
10:33:24.028 [main] INFO  - Clicked PIM option from Sidebar
10:33:24.612 [main] INFO  - Opened PIM
10:33:25.484 [main] INFO  - Clicked Add Employee option
10:33:26.051 [main] INFO  - Opened Add Employee
10:33:26.191 [main] INFO  - Firstname Provided
10:33:26.299 [main] INFO  - Lastname Provided
10:33:26.524 [main] INFO  - Employee ID Provided
10:33:29.659 [main] INFO  - Image Provided
10:33:34.368 [main] INFO  - Message Shown: Success
Successfully Saved
10:33:44.375 [main] INFO  - Nationality Selected
10:59:56.318 [main] INFO  - Loggin In...
10:59:56.413 [main] INFO  - URL is opened.
10:59:56.711 [main] INFO  - Login page is visible.
10:59:56.847 [main] INFO  - Entered Username.
10:59:56.996 [main] INFO  - Entered Password.
10:59:57.101 [main] INFO  - Clicked Submit button.
10:59:59.088 [main] INFO  - Checked if entered Dashboard
10:59:59.182 [main] INFO  - Dashboard is visible
11:00:02.426 [main] INFO  - Clicked PIM option from Sidebar
11:00:03.043 [main] INFO  - Opened PIM
11:00:04.061 [main] INFO  - Clicked Add Employee option
11:00:04.626 [main] INFO  - Opened Add Employee
11:00:04.759 [main] INFO  - Firstname Provided
11:00:04.865 [main] INFO  - Lastname Provided
11:00:05.069 [main] INFO  - Employee ID Provided
11:00:08.228 [main] INFO  - Image Provided
11:00:13.331 [main] INFO  - Message Shown: Success
Successfully Saved
11:00:29.021 [main] INFO  - Nationality Selected
11:27:31.582 [main] INFO  - Loggin In...
11:27:31.649 [main] INFO  - URL is opened.
11:27:32.100 [main] INFO  - Login page is visible.
11:27:32.162 [main] INFO  - Entered Username.
11:27:32.234 [main] INFO  - Entered Password.
11:27:32.308 [main] INFO  - Clicked Submit button.
11:27:34.028 [main] INFO  - Checked if entered Dashboard
11:27:34.053 [main] INFO  - Dashboard is visible
11:27:37.044 [main] INFO  - Clicked PIM option from Sidebar
11:27:37.535 [main] INFO  - Opened PIM
11:27:38.579 [main] INFO  - Clicked Add Employee option
11:27:38.962 [main] INFO  - Opened Add Employee
11:27:39.051 [main] INFO  - Firstname Provided
11:27:39.124 [main] INFO  - Lastname Provided
11:27:39.234 [main] INFO  - Employee ID Provided
11:27:42.297 [main] INFO  - Image Provided
11:27:46.858 [main] INFO  - Message Shown: Success
Successfully Saved
11:27:51.560 [main] INFO  - DOB Selected
11:34:39.452 [main] INFO  - Loggin In...
11:34:39.502 [main] INFO  - URL is opened.
11:34:39.747 [main] INFO  - Login page is visible.
11:34:39.822 [main] INFO  - Entered Username.
11:34:39.898 [main] INFO  - Entered Password.
11:34:39.965 [main] INFO  - Clicked Submit button.
11:34:41.640 [main] INFO  - Checked if entered Dashboard
11:34:41.661 [main] INFO  - Dashboard is visible
11:34:44.606 [main] INFO  - Clicked PIM option from Sidebar
11:34:45.003 [main] INFO  - Opened PIM
11:34:45.804 [main] INFO  - Clicked Add Employee option
11:34:46.188 [main] INFO  - Opened Add Employee
11:34:46.272 [main] INFO  - Firstname Provided
11:34:46.335 [main] INFO  - Lastname Provided
11:34:46.430 [main] INFO  - Employee ID Provided
11:34:49.463 [main] INFO  - Image Provided
11:34:53.935 [main] INFO  - Message Shown: Success
Successfully Saved
11:34:58.472 [main] INFO  - DOB Selected
11:44:45.015 [main] INFO  - Loggin In...
11:44:45.047 [main] INFO  - URL is opened.
11:44:45.275 [main] INFO  - Login page is visible.
11:44:45.338 [main] INFO  - Entered Username.
11:44:45.411 [main] INFO  - Entered Password.
11:44:45.468 [main] INFO  - Clicked Submit button.
11:44:47.043 [main] INFO  - Checked if entered Dashboard
11:44:47.063 [main] INFO  - Dashboard is visible
11:44:49.923 [main] INFO  - Clicked PIM option from Sidebar
11:44:50.323 [main] INFO  - Opened PIM
11:44:51.110 [main] INFO  - Clicked Add Employee option
11:44:51.496 [main] INFO  - Opened Add Employee
11:44:51.562 [main] INFO  - Firstname Provided
11:44:51.638 [main] INFO  - Lastname Provided
11:44:51.732 [main] INFO  - Employee ID Provided
11:44:54.820 [main] INFO  - Image Provided
11:44:59.358 [main] INFO  - Message Shown: Success
Successfully Saved
11:45:04.223 [main] INFO  - DOB Selected
11:47:17.215 [main] INFO  - Loggin In...
11:47:17.247 [main] INFO  - URL is opened.
11:47:17.504 [main] INFO  - Login page is visible.
11:47:17.564 [main] INFO  - Entered Username.
11:47:17.637 [main] INFO  - Entered Password.
11:47:17.700 [main] INFO  - Clicked Submit button.
11:47:19.227 [main] INFO  - Checked if entered Dashboard
11:47:19.250 [main] INFO  - Dashboard is visible
11:47:22.153 [main] INFO  - Clicked PIM option from Sidebar
11:47:22.577 [main] INFO  - Opened PIM
11:47:23.556 [main] INFO  - Clicked Add Employee option
11:47:23.980 [main] INFO  - Opened Add Employee
11:47:24.047 [main] INFO  - Firstname Provided
11:47:24.108 [main] INFO  - Lastname Provided
11:47:24.208 [main] INFO  - Employee ID Provided
11:47:27.268 [main] INFO  - Image Provided
11:47:31.861 [main] INFO  - Message Shown: Success
Successfully Saved
11:47:36.853 [main] INFO  - DOB Selected
11:47:36.896 [main] INFO  - Gender Selected
12:29:28.619 [main] INFO  - Loggin In...
12:29:28.653 [main] INFO  - URL is opened.
12:29:29.111 [main] INFO  - Login page is visible.
12:29:29.175 [main] INFO  - Entered Username.
12:29:29.251 [main] INFO  - Entered Password.
12:29:29.320 [main] INFO  - Clicked Submit button.
12:29:30.827 [main] INFO  - Checked if entered Dashboard
12:29:30.847 [main] INFO  - Dashboard is visible
12:29:33.792 [main] INFO  - Clicked PIM option from Sidebar
12:29:34.197 [main] INFO  - Opened PIM
12:29:35.053 [main] INFO  - Clicked Add Employee option
12:29:35.422 [main] INFO  - Opened Add Employee
12:29:35.498 [main] INFO  - Firstname Provided
12:29:35.567 [main] INFO  - Lastname Provided
12:29:35.657 [main] INFO  - Employee ID Provided
12:29:38.769 [main] INFO  - Image Provided
12:29:43.332 [main] INFO  - Message Shown: Success
Successfully Saved
12:29:48.322 [main] INFO  - DOB Selected
12:29:48.365 [main] INFO  - Gender Selected
14:34:17.199 [main] INFO  - Loggin In...
14:34:17.255 [main] INFO  - URL is opened.
14:34:17.690 [main] INFO  - Login page is visible.
14:34:17.907 [main] INFO  - Entered Username.
14:34:18.019 [main] INFO  - Entered Password.
14:34:18.137 [main] INFO  - Clicked Submit button.
14:34:20.418 [main] INFO  - Checked if entered Dashboard
14:34:20.483 [main] INFO  - Dashboard is visible
14:34:23.730 [main] INFO  - Clicked PIM option from Sidebar
14:34:24.315 [main] INFO  - Opened PIM
14:34:25.256 [main] INFO  - Clicked Add Employee option
14:34:25.747 [main] INFO  - Opened Add Employee
14:34:25.875 [main] INFO  - Firstname Provided
14:34:25.990 [main] INFO  - Lastname Provided
14:34:26.203 [main] INFO  - Employee ID Provided
14:34:29.350 [main] INFO  - Image Provided
14:34:34.125 [main] INFO  - Message Shown: Success
Successfully Saved
14:34:48.284 [main] INFO  - Nationality Selected
14:34:48.494 [main] INFO  - DOB Selected
14:34:48.558 [main] INFO  - Gender Selected
14:34:54.712 [main] INFO  - Details Saved!
